<?xml version="1.0" encoding="UTF-8"?>
<!-- Generated by org.testng.reporters.JUnitReportReporter -->
<testsuite skipped="0" hostname="PDCDT01HJJYVQ1" name="com.amazon.testcases.AmazonSearch" tests="1" failures="0" timestamp="2020-01-23T19:28:50 IST" time="112.935" errors="0">
  <testcase name="searchbyTextWLtest" time="112.935" classname="com.amazon.testcases.AmazonSearch"/>
</testsuite> <!-- com.amazon.testcases.AmazonSearch -->
